<?xml version="1.0" encoding="UTF-8" ?>
<testsuite failures="0" time="1.004" errors="0" skipped="0" tests="1" name="com.serveeasy.model.product.CategoryTest">
  <properties>
    <property name="java.runtime.name" value="Java(TM) SE Runtime Environment"/>
    <property name="sun.boot.library.path" value="c:\program files (x86)\jetbrains\intellij idea 9.0.3\jre\jre\bin"/>
    <property name="java.vm.version" value="14.3-b01"/>
    <property name="java.vm.vendor" value="Sun Microsystems Inc."/>
    <property name="java.vendor.url" value="http://java.sun.com/"/>
    <property name="path.separator" value=";"/>
    <property name="java.vm.name" value="Java HotSpot(TM) Client VM"/>
    <property name="file.encoding.pkg" value="sun.io"/>
    <property name="user.country" value="US"/>
    <property name="sun.java.launcher" value="SUN_STANDARD"/>
    <property name="sun.os.patch.level" value=""/>
    <property name="java.vm.specification.name" value="Java Virtual Machine Specification"/>
    <property name="user.dir" value="E:\DEVELOPMENT\SANDBOX\ServeEasy\model"/>
    <property name="java.runtime.version" value="1.6.0_17-b04"/>
    <property name="java.awt.graphicsenv" value="sun.awt.Win32GraphicsEnvironment"/>
    <property name="basedir" value="E:\DEVELOPMENT\SANDBOX\ServeEasy\model"/>
    <property name="java.endorsed.dirs" value="c:\program files (x86)\jetbrains\intellij idea 9.0.3\jre\jre\lib\endorsed"/>
    <property name="os.arch" value="x86"/>
    <property name="surefire.real.class.path" value="C:\Users\CRISTI~1.POP\AppData\Local\Temp\surefirebooter7118878726273781177.jar"/>
    <property name="java.io.tmpdir" value="C:\Users\CRISTI~1.POP\AppData\Local\Temp\"/>
    <property name="line.separator" value="
"/>
    <property name="java.vm.specification.vendor" value="Sun Microsystems Inc."/>
    <property name="user.variant" value=""/>
    <property name="os.name" value="Windows 7"/>
    <property name="sun.jnu.encoding" value="Cp1252"/>
    <property name="java.library.path" value="c:\program files (x86)\jetbrains\intellij idea 9.0.3\jre\jre\bin;.;C:\Windows\Sun\Java\bin;C:\Windows\system32;C:\Windows;E:\Ruby\bin;C:\Program Files (x86)\PC Connectivity Solution\;C:\Windows\system32;C:\Windows;C:\Windows\System32\Wbem;C:\Windows\System32\WindowsPowerShell\v1.0\;C:\Program Files\TortoiseSVN\bin;E:\Utils\ant\bin;C:\Program Files (x86)\Toshiba\Bluetooth Toshiba Stack\sys\;C:\Program Files (x86)\Toshiba\Bluetooth Toshiba Stack\sys\x64\;C:\Program Files (x86)\Microsoft SQL Server\100\Tools\Binn\;C:\Program Files\Microsoft SQL Server\100\Tools\Binn\;C:\Program Files\Microsoft SQL Server\100\DTS\Binn\;C:\Program Files (x86)\Microsoft SQL Server\100\Tools\Binn\VSShell\Common7\IDE\;C:\Program Files (x86)\Microsoft SQL Server\100\DTS\Binn\;E:\Utils\Git\cmd;C:\Program Files (x86)\QuickTime\QTSystem\;E:\Utils\Ruby191\bin;C:\Program Files (x86)\SSH Communications Security\SSH Secure Shell;C:\Program Files\MySQL\MySQL Server 5.1\bin;c:\program files (x86)\jetbrains\intellij idea 9.0.3\jre\jre\bin"/>
    <property name="surefire.test.class.path" value="E:\DEVELOPMENT\SANDBOX\ServeEasy\model\target\test-classes;E:\DEVELOPMENT\SANDBOX\ServeEasy\model\target\classes;C:\Users\cristian.popovici\.m2\repository\junit\junit\4.8.2\junit-4.8.2.jar;C:\Users\cristian.popovici\.m2\repository\com\google\guava\guava\r07\guava-r07.jar;"/>
    <property name="java.specification.name" value="Java Platform API Specification"/>
    <property name="java.class.version" value="50.0"/>
    <property name="sun.management.compiler" value="HotSpot Client Compiler"/>
    <property name="os.version" value="6.1"/>
    <property name="user.home" value="C:\Users\cristian.popovici"/>
    <property name="user.timezone" value=""/>
    <property name="java.awt.printerjob" value="sun.awt.windows.WPrinterJob"/>
    <property name="java.specification.version" value="1.6"/>
    <property name="file.encoding" value="Cp1252"/>
    <property name="user.name" value="cristian.popovici"/>
    <property name="java.class.path" value="E:\DEVELOPMENT\SANDBOX\ServeEasy\model\target\test-classes;E:\DEVELOPMENT\SANDBOX\ServeEasy\model\target\classes;C:\Users\cristian.popovici\.m2\repository\junit\junit\4.8.2\junit-4.8.2.jar;C:\Users\cristian.popovici\.m2\repository\com\google\guava\guava\r07\guava-r07.jar;"/>
    <property name="java.vm.specification.version" value="1.0"/>
    <property name="sun.arch.data.model" value="32"/>
    <property name="java.home" value="c:\program files (x86)\jetbrains\intellij idea 9.0.3\jre\jre"/>
    <property name="java.specification.vendor" value="Sun Microsystems Inc."/>
    <property name="user.language" value="en"/>
    <property name="awt.toolkit" value="sun.awt.windows.WToolkit"/>
    <property name="java.vm.info" value="mixed mode, sharing"/>
    <property name="java.version" value="1.6.0_17"/>
    <property name="java.ext.dirs" value="c:\program files (x86)\jetbrains\intellij idea 9.0.3\jre\jre\lib\ext;C:\Windows\Sun\Java\lib\ext"/>
    <property name="sun.boot.class.path" value="c:\program files (x86)\jetbrains\intellij idea 9.0.3\jre\jre\lib\resources.jar;c:\program files (x86)\jetbrains\intellij idea 9.0.3\jre\jre\lib\rt.jar;c:\program files (x86)\jetbrains\intellij idea 9.0.3\jre\jre\lib\sunrsasign.jar;c:\program files (x86)\jetbrains\intellij idea 9.0.3\jre\jre\lib\jsse.jar;c:\program files (x86)\jetbrains\intellij idea 9.0.3\jre\jre\lib\jce.jar;c:\program files (x86)\jetbrains\intellij idea 9.0.3\jre\jre\lib\charsets.jar;c:\program files (x86)\jetbrains\intellij idea 9.0.3\jre\jre\classes"/>
    <property name="java.vendor" value="Sun Microsystems Inc."/>
    <property name="localRepository" value="C:\Users\cristian.popovici\.m2\repository"/>
    <property name="file.separator" value="\"/>
    <property name="java.vendor.url.bug" value="http://java.sun.com/cgi-bin/bugreport.cgi"/>
    <property name="sun.cpu.endian" value="little"/>
    <property name="sun.io.unicode.encoding" value="UnicodeLittle"/>
    <property name="sun.desktop" value="windows"/>
    <property name="sun.cpu.isalist" value="pentium_pro+mmx pentium_pro pentium+mmx pentium i486 i386 i86"/>
  </properties>
  <testcase time="0.093" classname="com.serveeasy.model.product.CategoryTest" name="testCategory"/>
</testsuite>